[debug] ----------------------------------------------------------------------
[debug] Command:      /usr/local/Cellar/node/5.4.0/bin/node /usr/local/bin/firebase deploy
[debug] CLI Version:  3.0.4
[debug] Platform:     darwin
[debug] Node Version: v5.4.0
[debug] Time:         Mon Jul 18 2016 14:21:20 GMT-0400 (EDT)
[debug] ----------------------------------------------------------------------
[debug] 
[debug] > command requires scopes: ["email","openid","https://www.googleapis.com/auth/cloudplatformprojects.readonly","https://www.googleapis.com/auth/firebase"]
[debug] > refreshing access token with scopes: ["email","https://www.googleapis.com/auth/cloudplatformprojects.readonly","https://www.googleapis.com/auth/firebase","openid"]
[debug] >>> HTTP REQUEST POST https://www.googleapis.com/oauth2/v3/token
[debug] <<< HTTP RESPONSE 200
[debug] >>> HTTP REQUEST GET https://admin.firebase.com/v1/projects/pedal-business 
[debug] <<< HTTP RESPONSE 200
[debug] >>> HTTP REQUEST GET https://admin.firebase.com/v1/database/pedal-business/tokens 
[debug] <<< HTTP RESPONSE 200
[info] 
[info] === Deploying to 'pedal-business'...
[info] 
[info] i  deploying database, hosting
[info] ✔  database: rules ready to deploy.
[info] i  hosting: preparing app directory for upload...
[debug] ----------------------------------------------------------------------
[debug] Command:      /usr/local/Cellar/node/5.4.0/bin/node /usr/local/bin/firebase serve
[debug] CLI Version:  3.0.4
[debug] Platform:     darwin
[debug] Node Version: v5.4.0
[debug] Time:         Mon Jul 18 2016 14:21:27 GMT-0400 (EDT)
[debug] ----------------------------------------------------------------------
[debug] 
[info] Starting Firebase development server...
[info] 
[info] Project Directory: /Users/yisheng/Documents/workspace/Websites/pedal-business
[info] Public Directory: app
[info] 
[info] Server listening at: http://localhost:5000
